{"CRC": "12345678", "VID": "TRACT01", "command": 80100, "data": {"autodrivingstatus": "1", "brakestatus": 0, "drivingDistance": "", "emergencyLight": "", "gearstatus": 0, "mdpsAngle": "", "turnSignal": "", "wheelSpeed": "", "yawRate": ""}, "timestamp": "2024-07-26 02:01:08.741", "type": "VEHICLE_INFO"}
{"CRC": "12345678", "VID": "TRACT01", "command": 80100, "data": {"autodrivingstatus": "1", "brakestatus": 0, "drivingDistance": "", "emergencyLight": "", "gearstatus": 0, "mdpsAngle": "", "turnSignal": "", "wheelSpeed": "", "yawRate": ""}, "timestamp": "2024-07-26 02:01:08.741", "type": "VEHICLE_INFO"}
"CRC"
"VID"
"command"
"data"
"timestamp"
"type"
{"CRC": "12345678", "VID": "TRACT01", "command": 80100, "data": {"autodrivingstatus": "1", "brakestatus": 0, "drivingDistance": "", "emergencyLight": "", "gearstatus": 0, "mdpsAngle": "", "turnSignal": "", "wheelSpeed": "", "yawRate": ""}, "timestamp": "2024-07-26 02:01:08.741", "type": "VEHICLE_INFO"}
{"CRC": "12345678", "VID": "TRACT01", "command": 80100, "data": {"autodrivingstatus": "1", "brakestatus": 0, "drivingDistance": "", "emergencyLight": "", "gearstatus": 0, "mdpsAngle": "", "turnSignal": "", "wheelSpeed": "", "yawRate": ""}, "timestamp": "2024-07-26 02:01:08.741", "type": "VEHICLE_INFO"}
{"CRC": "12345678", "VID": "TRACT01", "command": 80100, "data": {"autodrivingstatus": "1", "brakestatus": 0, "drivingDistance": "", "emergencyLight": "", "gearstatus": 0, "mdpsAngle": "", "turnSignal": "", "wheelSpeed": "", "yawRate": ""}, "timestamp": "2024-07-26 02:01:08.741", "type": "VEHICLE_INFO"}
{"CRC": "12345678", "VID": "TRACT01", "command": 80100, "data": {"autodrivingstatus": "1", "brakestatus": 0, "drivingDistance": "", "emergencyLight": "", "gearstatus": 0, "mdpsAngle": "", "turnSignal": "", "wheelSpeed": "", "yawRate": ""}, "timestamp": "2024-07-26 02:01:08.741", "type": "VEHICLE_INFO"}
{"CRC": "12345678", "VID": "TRACT01", "command": 80100, "data": {"autodrivingstatus": "1", "brakestatus": 0, "drivingDistance": "", "emergencyLight": "", "gearstatus": 0, "mdpsAngle": "", "turnSignal": "", "wheelSpeed": "", "yawRate": ""}, "timestamp": "2024-07-26 02:01:08.741", "type": "VEHICLE_INFO"}
{"CRC": "12345678", "VID": "TRACT01", "command": 80100, "data": {"autodrivingstatus": "1", "brakestatus": 0, "drivingDistance": "", "emergencyLight": "", "gearstatus": 0, "mdpsAngle": "", "turnSignal": "", "wheelSpeed": "", "yawRate": ""}, "timestamp": "2024-07-26 02:01:08.741", "type": "VEHICLE_INFO"}
"CRC"
"VID"
"command"
"data"
"timestamp"
"type"
"type"
{"CRC": "12345678", "VID": "TRACT01", "command": 80100, "data": {"autodrivingstatus": "1", "brakestatus": 0, "drivingDistance": "", "emergencyLight": "", "gearstatus": 0, "mdpsAngle": "", "turnSignal": "", "wheelSpeed": "", "yawRate": ""}, "timestamp": "2024-07-26 02:01:08.741", "type": "VEHICLE_INFO"}
{"CRC": "12345678", "VID": "TRACT01", "command": 80100, "data": {"autodrivingstatus": "1", "brakestatus": 0, "drivingDistance": "", "emergencyLight": "", "gearstatus": 0, "mdpsAngle": "", "turnSignal": "", "wheelSpeed": "", "yawRate": ""}, "timestamp": "2024-07-26 02:01:08.741", "type": "VEHICLE_INFO"}
